/*C1*/SET SCHEMA SYSTEM_LOBS
INSERT INTO BLOCKS VALUES(0,2147483647,0)
COMMIT
/*C2*/SET SCHEMA PUBLIC
DROP TABLE Test IF EXISTS
DROP TABLE Test IF EXISTS
DROP TABLE Test IF EXISTS
Create table mr_fzkat (FZKAT_ID int  Primary Key NOT NULL, FZKAT_Name varchar(200) NOT NULL)
INSERT INTO MR_FZKAT VALUES(1,'Budget')
COMMIT
INSERT INTO MR_FZKAT VALUES(2,'Micro')
INSERT INTO MR_FZKAT VALUES(3,'Economy')
INSERT INTO MR_FZKAT VALUES(4,'Electro')
COMMIT
INSERT INTO MR_FZKAT VALUES(5,'Combi')
INSERT INTO MR_FZKAT VALUES(6,'Cabrio')
INSERT INTO MR_FZKAT VALUES(7,'Emotion')
INSERT INTO MR_FZKAT VALUES(8,'Minivan')
INSERT INTO MR_FZKAT VALUES(9,'Transporter')
COMMIT
Create table mr_tarife(FZKat_ID int not null  ,TAR_STD decimal(5,2) not null , TAR_KM decimal(5,2) not null , Constraint FK_FZKatID foreign key (FZKat_ID) references mr_fzkat(FZKAT_ID))
INSERT INTO MR_TARIFE VALUES(1,2.00,0.55)
INSERT INTO MR_TARIFE VALUES(2,2.50,0.65)
INSERT INTO MR_TARIFE VALUES(3,2.50,0.65)
INSERT INTO MR_TARIFE VALUES(4,2.50,0.65)
INSERT INTO MR_TARIFE VALUES(5,3.00,0.80)
INSERT INTO MR_TARIFE VALUES(6,4.00,0.95)
INSERT INTO MR_TARIFE VALUES(7,4.00,0.95)
INSERT INTO MR_TARIFE VALUES(8,4.00,0.95)
INSERT INTO MR_TARIFE VALUES(9,4.00,0.95)
COMMIT
